[debug] [2023-11-07T14:38:07.059Z] ----------------------------------------------------------------------
[debug] [2023-11-07T14:38:07.062Z] Command:       C:\Program Files\nodejs\node.exe C:\Users\gabri\AppData\Roaming\npm\node_modules\firebase-tools\lib\bin\firebase.js init
[debug] [2023-11-07T14:38:07.062Z] CLI Version:   12.5.2
[debug] [2023-11-07T14:38:07.062Z] Platform:      win32
[debug] [2023-11-07T14:38:07.063Z] Node Version:  v18.16.1
[debug] [2023-11-07T14:38:07.064Z] Time:          Tue Nov 07 2023 22:38:07 GMT+0800 (Philippine Standard Time)
[debug] [2023-11-07T14:38:07.064Z] ----------------------------------------------------------------------
[debug] 
[debug] [2023-11-07T14:38:07.139Z] > command requires scopes: ["email","openid","https://www.googleapis.com/auth/cloudplatformprojects.readonly","https://www.googleapis.com/auth/firebase","https://www.googleapis.com/auth/cloud-platform"]
[debug] [2023-11-07T14:38:07.140Z] > authorizing via signed-in user (gabrielalpha98@gmail.com)
[info] 
     ######## #### ########  ######## ########     ###     ######  ########
     ##        ##  ##     ## ##       ##     ##  ##   ##  ##       ##
     ######    ##  ########  ######   ########  #########  ######  ######
     ##        ##  ##    ##  ##       ##     ## ##     ##       ## ##
     ##       #### ##     ## ######## ########  ##     ##  ######  ########

You're about to initialize a Firebase project in this directory:

  C:\Users\gabri\OneDrive\Documents\Visual Studio Code Projects\encored-backend

Before we get started, keep in mind:

  * You are initializing within an existing Firebase project directory

[info] 
=== Project Setup
[info] 
[info] First, let's associate this project directory with a Firebase project.
[info] You can create multiple project aliases by running firebase use --add, 
[info] but for now we'll just set up a default project.
[info] 
[debug] [2023-11-07T14:38:11.500Z] Using project from CLI flag: encored-bd6f8
[debug] [2023-11-07T14:38:11.503Z] > refreshing access token with scopes: []
[debug] [2023-11-07T14:38:11.507Z] >>> [apiv2][query] POST https://www.googleapis.com/oauth2/v3/token [none]
[debug] [2023-11-07T14:38:11.507Z] >>> [apiv2][body] POST https://www.googleapis.com/oauth2/v3/token [omitted]
[debug] [2023-11-07T14:38:11.927Z] <<< [apiv2][status] POST https://www.googleapis.com/oauth2/v3/token 200
[debug] [2023-11-07T14:38:11.928Z] <<< [apiv2][body] POST https://www.googleapis.com/oauth2/v3/token [omitted]
[debug] [2023-11-07T14:38:11.965Z] >>> [apiv2][query] GET https://firebase.googleapis.com/v1beta1/projects/encored-bd6f8 [none]
[debug] [2023-11-07T14:38:12.818Z] <<< [apiv2][status] GET https://firebase.googleapis.com/v1beta1/projects/encored-bd6f8 200
[debug] [2023-11-07T14:38:12.818Z] <<< [apiv2][body] GET https://firebase.googleapis.com/v1beta1/projects/encored-bd6f8 {"projectId":"encored-bd6f8","projectNumber":"408443509099","displayName":"EncorEd","name":"projects/encored-bd6f8","resources":{"hostingSite":"encored-bd6f8","storageBucket":"encored-bd6f8.appspot.com","locationId":"us-central"},"state":"ACTIVE","etag":"1_3072ab3d-b882-45e2-b57f-675cf299cfbb"}
[info] i  Using project encored-bd6f8 (EncorEd) 
[info] 
=== Functions Setup
[debug] [2023-11-07T14:38:12.829Z] > command requires scopes: ["email","openid","https://www.googleapis.com/auth/cloudplatformprojects.readonly","https://www.googleapis.com/auth/firebase","https://www.googleapis.com/auth/cloud-platform"]
[debug] [2023-11-07T14:38:12.830Z] > authorizing via signed-in user (gabrielalpha98@gmail.com)
[debug] [2023-11-07T14:38:12.830Z] [iam] checking project encored-bd6f8 for permissions ["firebase.projects.get"]
[debug] [2023-11-07T14:38:12.830Z] >>> [apiv2][query] POST https://cloudresourcemanager.googleapis.com/v1/projects/encored-bd6f8:testIamPermissions [none]
[debug] [2023-11-07T14:38:12.830Z] >>> [apiv2][(partial)header] POST https://cloudresourcemanager.googleapis.com/v1/projects/encored-bd6f8:testIamPermissions x-goog-quota-user=projects/encored-bd6f8
[debug] [2023-11-07T14:38:12.831Z] >>> [apiv2][body] POST https://cloudresourcemanager.googleapis.com/v1/projects/encored-bd6f8:testIamPermissions {"permissions":["firebase.projects.get"]}
[debug] [2023-11-07T14:38:13.947Z] <<< [apiv2][status] POST https://cloudresourcemanager.googleapis.com/v1/projects/encored-bd6f8:testIamPermissions 200
[debug] [2023-11-07T14:38:13.947Z] <<< [apiv2][body] POST https://cloudresourcemanager.googleapis.com/v1/projects/encored-bd6f8:testIamPermissions {"permissions":["firebase.projects.get"]}
[debug] [2023-11-07T14:38:13.948Z] >>> [apiv2][query] GET https://serviceusage.googleapis.com/v1/projects/encored-bd6f8/services/cloudfunctions.googleapis.com [none]
[debug] [2023-11-07T14:38:13.948Z] >>> [apiv2][(partial)header] GET https://serviceusage.googleapis.com/v1/projects/encored-bd6f8/services/cloudfunctions.googleapis.com x-goog-quota-user=projects/encored-bd6f8
[debug] [2023-11-07T14:38:13.949Z] >>> [apiv2][query] GET https://serviceusage.googleapis.com/v1/projects/encored-bd6f8/services/runtimeconfig.googleapis.com [none]
[debug] [2023-11-07T14:38:13.949Z] >>> [apiv2][(partial)header] GET https://serviceusage.googleapis.com/v1/projects/encored-bd6f8/services/runtimeconfig.googleapis.com x-goog-quota-user=projects/encored-bd6f8
[debug] [2023-11-07T14:38:15.412Z] <<< [apiv2][status] GET https://serviceusage.googleapis.com/v1/projects/encored-bd6f8/services/cloudfunctions.googleapis.com 200
[debug] [2023-11-07T14:38:15.412Z] <<< [apiv2][body] GET https://serviceusage.googleapis.com/v1/projects/encored-bd6f8/services/cloudfunctions.googleapis.com [omitted]
[debug] [2023-11-07T14:38:15.501Z] <<< [apiv2][status] GET https://serviceusage.googleapis.com/v1/projects/encored-bd6f8/services/runtimeconfig.googleapis.com 200
[debug] [2023-11-07T14:38:15.502Z] <<< [apiv2][body] GET https://serviceusage.googleapis.com/v1/projects/encored-bd6f8/services/runtimeconfig.googleapis.com [omitted]
[info] 
Detected existing codebase(s): default

[info] Let's create a new codebase for your functions.
[info] A directory corresponding to the codebase will be created in your project
[info] with sample code pre-configured.

[info] See https://firebase.google.com/docs/functions/organize-functions for
[info] more information on organizing your functions using codebases.

[info] Functions can be deployed with firebase deploy.

